<?xml version="1.0" encoding="UTF-8"?>
<testng-results ignored="0" total="1" passed="0" failed="1" skipped="0">
  <reporter-output>
  </reporter-output>
  <suite started-at="2022-10-17T01:36:55 PDT" name="Default suite" finished-at="2022-10-17T01:38:24 PDT" duration-ms="89247">
    <groups>
    </groups>
    <test started-at="2022-10-17T01:36:55 PDT" name="Default test" finished-at="2022-10-17T01:38:24 PDT" duration-ms="89247">
      <class name="mypack.task">
        <test-method is-config="true" signature="launchBrowser()[pri:0, instance:mypack.task@72a7c7e0]" started-at="2022-10-17T01:36:55 PDT" name="launchBrowser" finished-at="2022-10-17T01:38:23 PDT" duration-ms="88212" status="PASS">
          <reporter-output>
          </reporter-output>
        </test-method> <!-- launchBrowser -->
        <test-method is-config="true" signature="BeforeMethod()[pri:0, instance:mypack.task@72a7c7e0]" started-at="2022-10-17T01:38:23 PDT" name="BeforeMethod" finished-at="2022-10-17T01:38:23 PDT" duration-ms="1" status="PASS">
          <reporter-output>
          </reporter-output>
        </test-method> <!-- BeforeMethod -->
        <test-method signature="verifydates()[pri:0, instance:mypack.task@72a7c7e0]" started-at="2022-10-17T01:38:23 PDT" name="verifydates" finished-at="2022-10-17T01:38:24 PDT" duration-ms="534" status="FAIL">
          <exception class="java.lang.NullPointerException">
            <message>
              <![CDATA[Cannot invoke "org.openqa.selenium.WebElement.getText()" because "this.iname" is null]]>
            </message>
            <full-stacktrace>
              <![CDATA[java.lang.NullPointerException: Cannot invoke "org.openqa.selenium.WebElement.getText()" because "this.iname" is null
at project11.class1imdb.imdbname(class1imdb.java:22)
at mypack.task.verifydates(task.java:42)
at java.base/jdk.internal.reflect.DirectMethodHandleAccessor.invoke(DirectMethodHandleAccessor.java:104)
at java.base/java.lang.reflect.Method.invoke(Method.java:577)
at org.testng.internal.MethodInvocationHelper.invokeMethod(MethodInvocationHelper.java:133)
at org.testng.internal.TestInvoker.invokeMethod(TestInvoker.java:598)
at org.testng.internal.TestInvoker.invokeTestMethod(TestInvoker.java:173)
at org.testng.internal.MethodRunner.runInSequence(MethodRunner.java:46)
at org.testng.internal.TestInvoker$MethodInvocationAgent.invoke(TestInvoker.java:824)
at org.testng.internal.TestInvoker.invokeTestMethods(TestInvoker.java:146)
at org.testng.internal.TestMethodWorker.invokeTestMethods(TestMethodWorker.java:146)
at org.testng.internal.TestMethodWorker.run(TestMethodWorker.java:128)
at java.base/java.util.ArrayList.forEach(ArrayList.java:1511)
at org.testng.TestRunner.privateRun(TestRunner.java:794)
at org.testng.TestRunner.run(TestRunner.java:596)
at org.testng.SuiteRunner.runTest(SuiteRunner.java:377)
at org.testng.SuiteRunner.runSequentially(SuiteRunner.java:371)
at org.testng.SuiteRunner.privateRun(SuiteRunner.java:332)
at org.testng.SuiteRunner.run(SuiteRunner.java:276)
at org.testng.SuiteRunnerWorker.runSuite(SuiteRunnerWorker.java:53)
at org.testng.SuiteRunnerWorker.run(SuiteRunnerWorker.java:96)
at org.testng.TestNG.runSuitesSequentially(TestNG.java:1212)
at org.testng.TestNG.runSuitesLocally(TestNG.java:1134)
at org.testng.TestNG.runSuites(TestNG.java:1063)
at org.testng.TestNG.run(TestNG.java:1031)
at org.testng.remote.AbstractRemoteTestNG.run(AbstractRemoteTestNG.java:115)
at org.testng.remote.RemoteTestNG.initAndRun(RemoteTestNG.java:251)
at org.testng.remote.RemoteTestNG.main(RemoteTestNG.java:77)
]]>
            </full-stacktrace>
          </exception> <!-- java.lang.NullPointerException -->
          <reporter-output>
          </reporter-output>
        </test-method> <!-- verifydates -->
        <test-method is-config="true" signature="AfterMethod()[pri:0, instance:mypack.task@72a7c7e0]" started-at="2022-10-17T01:38:24 PDT" name="AfterMethod" finished-at="2022-10-17T01:38:24 PDT" duration-ms="1" status="PASS">
          <reporter-output>
          </reporter-output>
        </test-method> <!-- AfterMethod -->
        <test-method is-config="true" signature="afterclass()[pri:0, instance:mypack.task@72a7c7e0]" started-at="2022-10-17T01:38:24 PDT" name="afterclass" finished-at="2022-10-17T01:38:24 PDT" duration-ms="1" status="PASS">
          <reporter-output>
          </reporter-output>
        </test-method> <!-- afterclass -->
      </class> <!-- mypack.task -->
    </test> <!-- Default test -->
  </suite> <!-- Default suite -->
</testng-results>
